<?xml version="1.0" encoding="UTF-8"?>
<coverage generated="1761638587044" clover="3.2.0">
  <project timestamp="1761638587044" name="All files">
    <metrics statements="226" coveredstatements="172" conditionals="95" coveredconditionals="72" methods="81" coveredmethods="53" elements="402" coveredelements="297" complexity="0" loc="226" ncloc="226" packages="9" files="24" classes="24"/>
    <package name="src">
      <metrics statements="20" coveredstatements="11" conditionals="6" coveredconditionals="0" methods="14" coveredmethods="2"/>
      <file name="App.jsx" path="/Users/florishadekogbe/Documents/repositories/a-vc-shop-launch/frontend/src/App.jsx">
        <metrics statements="11" coveredstatements="11" conditionals="0" coveredconditionals="0" methods="11" coveredmethods="2"/>
        <line num="9" count="2" type="stmt"/>
        <line num="10" count="2" type="stmt"/>
        <line num="11" count="2" type="stmt"/>
        <line num="12" count="2" type="stmt"/>
        <line num="13" count="2" type="stmt"/>
        <line num="14" count="2" type="stmt"/>
        <line num="15" count="2" type="stmt"/>
        <line num="16" count="2" type="stmt"/>
        <line num="17" count="2" type="stmt"/>
        <line num="18" count="2" type="stmt"/>
        <line num="21" count="1" type="stmt"/>
      </file>
      <file name="test-utils.js" path="/Users/florishadekogbe/Documents/repositories/a-vc-shop-launch/frontend/src/test-utils.js">
        <metrics statements="3" coveredstatements="0" conditionals="2" coveredconditionals="0" methods="1" coveredmethods="0"/>
        <line num="4" count="0" type="cond" truecount="0" falsecount="2"/>
        <line num="5" count="0" type="stmt"/>
        <line num="7" count="0" type="stmt"/>
      </file>
      <file name="test-utils.jsx" path="/Users/florishadekogbe/Documents/repositories/a-vc-shop-launch/frontend/src/test-utils.jsx">
        <metrics statements="6" coveredstatements="0" conditionals="4" coveredconditionals="0" methods="2" coveredmethods="0"/>
        <line num="5" count="0" type="cond" truecount="0" falsecount="2"/>
        <line num="6" count="0" type="stmt"/>
        <line num="7" count="0" type="stmt"/>
        <line num="10" count="0" type="cond" truecount="0" falsecount="2"/>
        <line num="11" count="0" type="stmt"/>
        <line num="12" count="0" type="stmt"/>
      </file>
    </package>
    <package name="src.components.common">
      <metrics statements="16" coveredstatements="8" conditionals="4" coveredconditionals="2" methods="6" coveredmethods="2"/>
      <file name="ErrorBoundary.jsx" path="/Users/florishadekogbe/Documents/repositories/a-vc-shop-launch/frontend/src/components/common/ErrorBoundary.jsx">
        <metrics statements="8" coveredstatements="0" conditionals="2" coveredconditionals="0" methods="4" coveredmethods="0"/>
        <line num="5" count="0" type="stmt"/>
        <line num="6" count="0" type="stmt"/>
        <line num="10" count="0" type="stmt"/>
        <line num="15" count="0" type="stmt"/>
        <line num="19" count="0" type="cond" truecount="0" falsecount="2"/>
        <line num="20" count="0" type="stmt"/>
        <line num="21" count="0" type="stmt"/>
        <line num="24" count="0" type="stmt"/>
      </file>
      <file name="LoadingSpinner.jsx" path="/Users/florishadekogbe/Documents/repositories/a-vc-shop-launch/frontend/src/components/common/LoadingSpinner.jsx">
        <metrics statements="2" coveredstatements="2" conditionals="0" coveredconditionals="0" methods="1" coveredmethods="1"/>
        <line num="1" count="2" type="stmt"/>
        <line num="2" count="1" type="stmt"/>
      </file>
      <file name="ProtectedRoute.jsx" path="/Users/florishadekogbe/Documents/repositories/a-vc-shop-launch/frontend/src/components/common/ProtectedRoute.jsx">
        <metrics statements="6" coveredstatements="6" conditionals="2" coveredconditionals="2" methods="1" coveredmethods="1"/>
        <line num="5" count="3" type="stmt"/>
        <line num="6" count="10" type="stmt"/>
        <line num="7" count="10" type="stmt"/>
        <line num="9" count="10" type="cond" truecount="2" falsecount="0"/>
        <line num="10" count="5" type="stmt"/>
        <line num="13" count="5" type="stmt"/>
      </file>
    </package>
    <package name="src.components.features">
      <metrics statements="0" coveredstatements="0" conditionals="0" coveredconditionals="0" methods="0" coveredmethods="0"/>
      <file name="ProductFeatures.jsx" path="/Users/florishadekogbe/Documents/repositories/a-vc-shop-launch/frontend/src/components/features/ProductFeatures.jsx">
        <metrics statements="0" coveredstatements="0" conditionals="0" coveredconditionals="0" methods="0" coveredmethods="0"/>
      </file>
    </package>
    <package name="src.components.layout">
      <metrics statements="7" coveredstatements="5" conditionals="2" coveredconditionals="2" methods="2" coveredmethods="1"/>
      <file name="Layout.jsx" path="/Users/florishadekogbe/Documents/repositories/a-vc-shop-launch/frontend/src/components/layout/Layout.jsx">
        <metrics statements="7" coveredstatements="5" conditionals="2" coveredconditionals="2" methods="2" coveredmethods="1"/>
        <line num="5" count="3" type="stmt"/>
        <line num="6" count="23" type="stmt"/>
        <line num="7" count="23" type="stmt"/>
        <line num="9" count="23" type="stmt"/>
        <line num="10" count="0" type="stmt"/>
        <line num="11" count="0" type="stmt"/>
        <line num="13" count="23" type="stmt"/>
      </file>
    </package>
    <package name="src.context">
      <metrics statements="8" coveredstatements="8" conditionals="0" coveredconditionals="0" methods="3" coveredmethods="3"/>
      <file name="AuthContext.js" path="/Users/florishadekogbe/Documents/repositories/a-vc-shop-launch/frontend/src/context/AuthContext.js">
        <metrics statements="1" coveredstatements="1" conditionals="0" coveredconditionals="0" methods="0" coveredmethods="0"/>
        <line num="3" count="5" type="stmt"/>
      </file>
      <file name="AuthProvider.jsx" path="/Users/florishadekogbe/Documents/repositories/a-vc-shop-launch/frontend/src/context/AuthProvider.jsx">
        <metrics statements="7" coveredstatements="7" conditionals="0" coveredconditionals="0" methods="3" coveredmethods="3"/>
        <line num="4" count="4" type="stmt"/>
        <line num="11" count="24" type="stmt"/>
        <line num="19" count="24" type="stmt"/>
        <line num="20" count="2" type="stmt"/>
        <line num="26" count="24" type="stmt"/>
        <line num="27" count="2" type="stmt"/>
        <line num="30" count="24" type="stmt"/>
      </file>
    </package>
    <package name="src.hooks">
      <metrics statements="5" coveredstatements="4" conditionals="2" coveredconditionals="1" methods="1" coveredmethods="1"/>
      <file name="useAuth.js" path="/Users/florishadekogbe/Documents/repositories/a-vc-shop-launch/frontend/src/hooks/useAuth.js">
        <metrics statements="5" coveredstatements="4" conditionals="2" coveredconditionals="1" methods="1" coveredmethods="1"/>
        <line num="8" count="4" type="stmt"/>
        <line num="9" count="15" type="stmt"/>
        <line num="11" count="15" type="cond" truecount="1" falsecount="1"/>
        <line num="12" count="0" type="stmt"/>
        <line num="15" count="15" type="stmt"/>
      </file>
    </package>
    <package name="src.pages">
      <metrics statements="22" coveredstatements="2" conditionals="0" coveredconditionals="0" methods="10" coveredmethods="1"/>
      <file name="CartPage.jsx" path="/Users/florishadekogbe/Documents/repositories/a-vc-shop-launch/frontend/src/pages/CartPage.jsx">
        <metrics statements="2" coveredstatements="0" conditionals="0" coveredconditionals="0" methods="1" coveredmethods="0"/>
        <line num="3" count="0" type="stmt"/>
        <line num="4" count="0" type="stmt"/>
      </file>
      <file name="CatalogPage.jsx" path="/Users/florishadekogbe/Documents/repositories/a-vc-shop-launch/frontend/src/pages/CatalogPage.jsx">
        <metrics statements="2" coveredstatements="0" conditionals="0" coveredconditionals="0" methods="1" coveredmethods="0"/>
        <line num="3" count="0" type="stmt"/>
        <line num="4" count="0" type="stmt"/>
      </file>
      <file name="CheckoutPage.jsx" path="/Users/florishadekogbe/Documents/repositories/a-vc-shop-launch/frontend/src/pages/CheckoutPage.jsx">
        <metrics statements="2" coveredstatements="0" conditionals="0" coveredconditionals="0" methods="1" coveredmethods="0"/>
        <line num="3" count="0" type="stmt"/>
        <line num="4" count="0" type="stmt"/>
      </file>
      <file name="HomePage.jsx" path="/Users/florishadekogbe/Documents/repositories/a-vc-shop-launch/frontend/src/pages/HomePage.jsx">
        <metrics statements="2" coveredstatements="2" conditionals="0" coveredconditionals="0" methods="1" coveredmethods="1"/>
        <line num="3" count="1" type="stmt"/>
        <line num="4" count="1" type="stmt"/>
      </file>
      <file name="LoginPage.jsx" path="/Users/florishadekogbe/Documents/repositories/a-vc-shop-launch/frontend/src/pages/LoginPage.jsx">
        <metrics statements="2" coveredstatements="0" conditionals="0" coveredconditionals="0" methods="1" coveredmethods="0"/>
        <line num="3" count="0" type="stmt"/>
        <line num="4" count="0" type="stmt"/>
      </file>
      <file name="NotFoundPage.jsx" path="/Users/florishadekogbe/Documents/repositories/a-vc-shop-launch/frontend/src/pages/NotFoundPage.jsx">
        <metrics statements="2" coveredstatements="0" conditionals="0" coveredconditionals="0" methods="1" coveredmethods="0"/>
        <line num="3" count="0" type="stmt"/>
        <line num="4" count="0" type="stmt"/>
      </file>
      <file name="OrderDetailsPage.jsx" path="/Users/florishadekogbe/Documents/repositories/a-vc-shop-launch/frontend/src/pages/OrderDetailsPage.jsx">
        <metrics statements="3" coveredstatements="0" conditionals="0" coveredconditionals="0" methods="1" coveredmethods="0"/>
        <line num="4" count="0" type="stmt"/>
        <line num="5" count="0" type="stmt"/>
        <line num="7" count="0" type="stmt"/>
      </file>
      <file name="OrdersPage.jsx" path="/Users/florishadekogbe/Documents/repositories/a-vc-shop-launch/frontend/src/pages/OrdersPage.jsx">
        <metrics statements="2" coveredstatements="0" conditionals="0" coveredconditionals="0" methods="1" coveredmethods="0"/>
        <line num="3" count="0" type="stmt"/>
        <line num="4" count="0" type="stmt"/>
      </file>
      <file name="ProductDetailPage.jsx" path="/Users/florishadekogbe/Documents/repositories/a-vc-shop-launch/frontend/src/pages/ProductDetailPage.jsx">
        <metrics statements="3" coveredstatements="0" conditionals="0" coveredconditionals="0" methods="1" coveredmethods="0"/>
        <line num="4" count="0" type="stmt"/>
        <line num="5" count="0" type="stmt"/>
        <line num="7" count="0" type="stmt"/>
      </file>
      <file name="SignupPage.jsx" path="/Users/florishadekogbe/Documents/repositories/a-vc-shop-launch/frontend/src/pages/SignupPage.jsx">
        <metrics statements="2" coveredstatements="0" conditionals="0" coveredconditionals="0" methods="1" coveredmethods="0"/>
        <line num="3" count="0" type="stmt"/>
        <line num="4" count="0" type="stmt"/>
      </file>
    </package>
    <package name="src.services">
      <metrics statements="148" coveredstatements="134" conditionals="81" coveredconditionals="67" methods="45" coveredmethods="43"/>
      <file name="api.js" path="/Users/florishadekogbe/Documents/repositories/a-vc-shop-launch/frontend/src/services/api.js">
        <metrics statements="148" coveredstatements="134" conditionals="81" coveredconditionals="67" methods="45" coveredmethods="43"/>
        <line num="9" count="1" type="stmt"/>
        <line num="11" count="1" type="cond" truecount="3" falsecount="1"/>
        <line num="12" count="1" type="stmt"/>
        <line num="15" count="0" type="cond" truecount="0" falsecount="2"/>
        <line num="16" count="0" type="stmt"/>
        <line num="18" count="0" type="stmt"/>
        <line num="21" count="1" type="cond" truecount="1" falsecount="2"/>
        <line num="22" count="1" type="stmt"/>
        <line num="23" count="1" type="stmt"/>
        <line num="24" count="1" type="stmt"/>
        <line num="31" count="54" type="stmt"/>
        <line num="35" count="1" type="stmt"/>
        <line num="36" count="1" type="stmt"/>
        <line num="39" count="22" type="stmt"/>
        <line num="40" count="22" type="cond" truecount="4" falsecount="0"/>
        <line num="41" count="1" type="stmt"/>
        <line num="44" count="21" type="stmt"/>
        <line num="45" count="21" type="stmt"/>
        <line num="46" count="23" type="stmt"/>
        <line num="47" count="23" type="cond" truecount="2" falsecount="0"/>
        <line num="48" count="5" type="stmt"/>
        <line num="49" count="5" type="stmt"/>
        <line num="50" count="5" type="stmt"/>
        <line num="53" count="16" type="stmt"/>
        <line num="62" count="46" type="stmt"/>
        <line num="71" count="56" type="stmt"/>
        <line num="72" count="56" type="stmt"/>
        <line num="73" count="56" type="stmt"/>
        <line num="74" count="6" type="stmt"/>
        <line num="76" count="56" type="stmt"/>
        <line num="85" count="5" type="stmt"/>
        <line num="92" count="1" type="stmt"/>
        <line num="95" count="5" type="cond" truecount="2" falsecount="0"/>
        <line num="97" count="4" type="stmt"/>
        <line num="98" count="4" type="stmt"/>
        <line num="99" count="4" type="stmt"/>
        <line num="100" count="4" type="stmt"/>
        <line num="110" count="4" type="cond" truecount="2" falsecount="0"/>
        <line num="111" count="3" type="stmt"/>
        <line num="112" count="3" type="stmt"/>
        <line num="115" count="0" type="stmt"/>
        <line num="118" count="1" type="stmt"/>
        <line num="119" count="1" type="stmt"/>
        <line num="122" count="4" type="stmt"/>
        <line num="133" count="4" type="cond" truecount="2" falsecount="0"/>
        <line num="135" count="1" type="stmt"/>
        <line num="136" count="1" type="stmt"/>
        <line num="140" count="3" type="stmt"/>
        <line num="142" count="3" type="cond" truecount="2" falsecount="0"/>
        <line num="144" count="2" type="stmt"/>
        <line num="147" count="1" type="stmt"/>
        <line num="148" count="1" type="stmt"/>
        <line num="156" count="3" type="stmt"/>
        <line num="159" count="3" type="cond" truecount="1" falsecount="1"/>
        <line num="160" count="3" type="stmt"/>
        <line num="161" count="3" type="stmt"/>
        <line num="165" count="0" type="cond" truecount="0" falsecount="2"/>
        <line num="166" count="0" type="stmt"/>
        <line num="168" count="0" type="stmt"/>
        <line num="177" count="8" type="stmt"/>
        <line num="178" count="8" type="stmt"/>
        <line num="179" count="8" type="stmt"/>
        <line num="180" count="8" type="stmt"/>
        <line num="181" count="8" type="stmt"/>
        <line num="194" count="11" type="cond" truecount="4" falsecount="0"/>
        <line num="197" count="4" type="stmt"/>
        <line num="201" count="1" type="cond" truecount="1" falsecount="1"/>
        <line num="204" count="2" type="cond" truecount="1" falsecount="1"/>
        <line num="209" count="4" type="cond" truecount="1" falsecount="1"/>
        <line num="234" count="46" type="stmt"/>
        <line num="236" count="46" type="stmt"/>
        <line num="237" count="46" type="stmt"/>
        <line num="240" count="46" type="stmt"/>
        <line num="247" count="46" type="cond" truecount="2" falsecount="0"/>
        <line num="248" count="16" type="stmt"/>
        <line num="249" count="16" type="cond" truecount="2" falsecount="0"/>
        <line num="250" count="1" type="stmt"/>
        <line num="255" count="46" type="stmt"/>
        <line num="256" count="46" type="cond" truecount="5" falsecount="0"/>
        <line num="257" count="12" type="stmt"/>
        <line num="261" count="46" type="stmt"/>
        <line num="262" count="46" type="stmt"/>
        <line num="263" count="51" type="stmt"/>
        <line num="265" count="51" type="stmt"/>
        <line num="268" count="51" type="stmt"/>
        <line num="278" count="45" type="stmt"/>
        <line num="279" count="45" type="stmt"/>
        <line num="281" count="45" type="cond" truecount="3" falsecount="1"/>
        <line num="282" count="45" type="stmt"/>
        <line num="283" count="45" type="stmt"/>
        <line num="285" count="0" type="stmt"/>
        <line num="286" count="0" type="stmt"/>
        <line num="290" count="0" type="stmt"/>
        <line num="291" count="0" type="cond" truecount="0" falsecount="2"/>
        <line num="295" count="45" type="cond" truecount="2" falsecount="0"/>
        <line num="296" count="34" type="stmt"/>
        <line num="300" count="11" type="stmt"/>
        <line num="310" count="16" type="stmt"/>
        <line num="313" count="16" type="cond" truecount="4" falsecount="0"/>
        <line num="314" count="4" type="stmt"/>
        <line num="318" count="12" type="cond" truecount="2" falsecount="0"/>
        <line num="319" count="1" type="stmt"/>
        <line num="324" count="11" type="cond" truecount="4" falsecount="0"/>
        <line num="329" count="11" type="cond" truecount="2" falsecount="0"/>
        <line num="330" count="5" type="stmt"/>
        <line num="334" count="6" type="stmt"/>
        <line num="340" count="6" type="cond" truecount="2" falsecount="0"/>
        <line num="341" count="5" type="stmt"/>
        <line num="347" count="1" type="stmt"/>
        <line num="356" count="1" type="stmt"/>
        <line num="364" count="13" type="stmt"/>
        <line num="374" count="7" type="stmt"/>
        <line num="384" count="3" type="stmt"/>
        <line num="394" count="1" type="stmt"/>
        <line num="403" count="3" type="stmt"/>
        <line num="407" count="1" type="stmt"/>
        <line num="408" count="1" type="stmt"/>
        <line num="409" count="1" type="stmt"/>
        <line num="410" count="1" type="stmt"/>
        <line num="411" count="0" type="stmt"/>
        <line num="412" count="1" type="stmt"/>
        <line num="416" count="1" type="stmt"/>
        <line num="417" count="1" type="stmt"/>
        <line num="418" count="1" type="stmt"/>
        <line num="422" count="1" type="stmt"/>
        <line num="423" count="1" type="stmt"/>
        <line num="424" count="1" type="stmt"/>
        <line num="425" count="1" type="stmt"/>
        <line num="426" count="1" type="stmt"/>
        <line num="427" count="1" type="stmt"/>
        <line num="431" count="1" type="stmt"/>
        <line num="432" count="1" type="stmt"/>
        <line num="433" count="1" type="stmt"/>
        <line num="434" count="1" type="stmt"/>
        <line num="438" count="1" type="stmt"/>
        <line num="439" count="1" type="stmt"/>
        <line num="440" count="1" type="stmt"/>
        <line num="444" count="1" type="stmt"/>
        <line num="445" count="1" type="stmt"/>
        <line num="446" count="1" type="stmt"/>
        <line num="447" count="1" type="stmt"/>
        <line num="451" count="1" type="stmt"/>
        <line num="452" count="1" type="stmt"/>
        <line num="453" count="1" type="stmt"/>
        <line num="454" count="1" type="stmt"/>
        <line num="460" count="1" type="stmt"/>
        <line num="463" count="0" type="stmt"/>
        <line num="464" count="0" type="stmt"/>
      </file>
    </package>
    <package name="src.utils">
      <metrics statements="0" coveredstatements="0" conditionals="0" coveredconditionals="0" methods="0" coveredmethods="0"/>
      <file name="formatters.js" path="/Users/florishadekogbe/Documents/repositories/a-vc-shop-launch/frontend/src/utils/formatters.js">
        <metrics statements="0" coveredstatements="0" conditionals="0" coveredconditionals="0" methods="0" coveredmethods="0"/>
      </file>
      <file name="validators.js" path="/Users/florishadekogbe/Documents/repositories/a-vc-shop-launch/frontend/src/utils/validators.js">
        <metrics statements="0" coveredstatements="0" conditionals="0" coveredconditionals="0" methods="0" coveredmethods="0"/>
      </file>
    </package>
  </project>
</coverage>
