{"/Users/florishadekogbe/Documents/repositories/a-vc-shop-launch/frontend/src/App.jsx": {"path":"/Users/florishadekogbe/Documents/repositories/a-vc-shop-launch/frontend/src/App.jsx","statementMap":{"0":{"start":{"line":9,"column":17},"end":{"line":9,"column":55}},"1":{"start":{"line":9,"column":28},"end":{"line":9,"column":54}},"2":{"start":{"line":10,"column":18},"end":{"line":10,"column":57}},"3":{"start":{"line":10,"column":29},"end":{"line":10,"column":56}},"4":{"start":{"line":11,"column":19},"end":{"line":11,"column":59}},"5":{"start":{"line":11,"column":30},"end":{"line":11,"column":58}},"6":{"start":{"line":12,"column":20},"end":{"line":12,"column":61}},"7":{"start":{"line":12,"column":31},"end":{"line":12,"column":60}},"8":{"start":{"line":13,"column":26},"end":{"line":13,"column":73}},"9":{"start":{"line":13,"column":37},"end":{"line":13,"column":72}},"10":{"start":{"line":14,"column":17},"end":{"line":14,"column":55}},"11":{"start":{"line":14,"column":28},"end":{"line":14,"column":54}},"12":{"start":{"line":15,"column":21},"end":{"line":15,"column":63}},"13":{"start":{"line":15,"column":32},"end":{"line":15,"column":62}},"14":{"start":{"line":16,"column":19},"end":{"line":16,"column":59}},"15":{"start":{"line":16,"column":30},"end":{"line":16,"column":58}},"16":{"start":{"line":17,"column":25},"end":{"line":17,"column":71}},"17":{"start":{"line":17,"column":36},"end":{"line":17,"column":70}},"18":{"start":{"line":18,"column":21},"end":{"line":18,"column":63}},"19":{"start":{"line":18,"column":32},"end":{"line":18,"column":62}},"20":{"start":{"line":21,"column":2},"end":{"line":73,"column":4}}},"fnMap":{"0":{"name":"(anonymous_0)","decl":{"start":{"line":9,"column":22},"end":{"line":9,"column":23}},"loc":{"start":{"line":9,"column":28},"end":{"line":9,"column":54}},"line":9},"1":{"name":"(anonymous_1)","decl":{"start":{"line":10,"column":23},"end":{"line":10,"column":24}},"loc":{"start":{"line":10,"column":29},"end":{"line":10,"column":56}},"line":10},"2":{"name":"(anonymous_2)","decl":{"start":{"line":11,"column":24},"end":{"line":11,"column":25}},"loc":{"start":{"line":11,"column":30},"end":{"line":11,"column":58}},"line":11},"3":{"name":"(anonymous_3)","decl":{"start":{"line":12,"column":25},"end":{"line":12,"column":26}},"loc":{"start":{"line":12,"column":31},"end":{"line":12,"column":60}},"line":12},"4":{"name":"(anonymous_4)","decl":{"start":{"line":13,"column":31},"end":{"line":13,"column":32}},"loc":{"start":{"line":13,"column":37},"end":{"line":13,"column":72}},"line":13},"5":{"name":"(anonymous_5)","decl":{"start":{"line":14,"column":22},"end":{"line":14,"column":23}},"loc":{"start":{"line":14,"column":28},"end":{"line":14,"column":54}},"line":14},"6":{"name":"(anonymous_6)","decl":{"start":{"line":15,"column":26},"end":{"line":15,"column":27}},"loc":{"start":{"line":15,"column":32},"end":{"line":15,"column":62}},"line":15},"7":{"name":"(anonymous_7)","decl":{"start":{"line":16,"column":24},"end":{"line":16,"column":25}},"loc":{"start":{"line":16,"column":30},"end":{"line":16,"column":58}},"line":16},"8":{"name":"(anonymous_8)","decl":{"start":{"line":17,"column":30},"end":{"line":17,"column":31}},"loc":{"start":{"line":17,"column":36},"end":{"line":17,"column":70}},"line":17},"9":{"name":"(anonymous_9)","decl":{"start":{"line":18,"column":26},"end":{"line":18,"column":27}},"loc":{"start":{"line":18,"column":32},"end":{"line":18,"column":62}},"line":18},"10":{"name":"App","decl":{"start":{"line":20,"column":9},"end":{"line":20,"column":12}},"loc":{"start":{"line":20,"column":15},"end":{"line":74,"column":1}},"line":20}},"branchMap":{},"s":{"0":2,"1":1,"2":2,"3":0,"4":2,"5":0,"6":2,"7":0,"8":2,"9":0,"10":2,"11":0,"12":2,"13":0,"14":2,"15":0,"16":2,"17":0,"18":2,"19":0,"20":1},"f":{"0":1,"1":0,"2":0,"3":0,"4":0,"5":0,"6":0,"7":0,"8":0,"9":0,"10":1},"b":{},"_coverageSchema":"1a1c01bbd47fc00a2c39e90264f33305004495a9","hash":"6ba0d6e341e6bab9b1a05e9da44fd9d5b8d9ec59"}
,"/Users/florishadekogbe/Documents/repositories/a-vc-shop-launch/frontend/src/test-utils.js": {"path":"/Users/florishadekogbe/Documents/repositories/a-vc-shop-launch/frontend/src/test-utils.js","statementMap":{"0":{"start":{"line":4,"column":32},"end":{"line":10,"column":1}},"1":{"start":{"line":5,"column":2},"end":{"line":5,"column":51}},"2":{"start":{"line":7,"column":2},"end":{"line":9,"column":4}}},"fnMap":{"0":{"name":"(anonymous_0)","decl":{"start":{"line":4,"column":32},"end":{"line":4,"column":33}},"loc":{"start":{"line":4,"column":62},"end":{"line":10,"column":1}},"line":4}},"branchMap":{"0":{"loc":{"start":{"line":4,"column":37},"end":{"line":4,"column":57}},"type":"default-arg","locations":[{"start":{"line":4,"column":55},"end":{"line":4,"column":57}}],"line":4},"1":{"loc":{"start":{"line":4,"column":39},"end":{"line":4,"column":50}},"type":"default-arg","locations":[{"start":{"line":4,"column":47},"end":{"line":4,"column":50}}],"line":4}},"s":{"0":0,"1":0,"2":0},"f":{"0":0},"b":{"0":[0],"1":[0]}}
,"/Users/florishadekogbe/Documents/repositories/a-vc-shop-launch/frontend/src/test-utils.jsx": {"path":"/Users/florishadekogbe/Documents/repositories/a-vc-shop-launch/frontend/src/test-utils.jsx","statementMap":{"0":{"start":{"line":5,"column":32},"end":{"line":8,"column":1}},"1":{"start":{"line":6,"column":2},"end":{"line":6,"column":51}},"2":{"start":{"line":7,"column":2},"end":{"line":7,"column":76}},"3":{"start":{"line":10,"column":35},"end":{"line":17,"column":1}},"4":{"start":{"line":11,"column":2},"end":{"line":11,"column":51}},"5":{"start":{"line":12,"column":2},"end":{"line":16,"column":4}}},"fnMap":{"0":{"name":"(anonymous_0)","decl":{"start":{"line":5,"column":32},"end":{"line":5,"column":33}},"loc":{"start":{"line":5,"column":62},"end":{"line":8,"column":1}},"line":5},"1":{"name":"(anonymous_1)","decl":{"start":{"line":10,"column":35},"end":{"line":10,"column":36}},"loc":{"start":{"line":10,"column":65},"end":{"line":17,"column":1}},"line":10}},"branchMap":{"0":{"loc":{"start":{"line":5,"column":37},"end":{"line":5,"column":57}},"type":"default-arg","locations":[{"start":{"line":5,"column":55},"end":{"line":5,"column":57}}],"line":5},"1":{"loc":{"start":{"line":5,"column":39},"end":{"line":5,"column":50}},"type":"default-arg","locations":[{"start":{"line":5,"column":47},"end":{"line":5,"column":50}}],"line":5},"2":{"loc":{"start":{"line":10,"column":40},"end":{"line":10,"column":60}},"type":"default-arg","locations":[{"start":{"line":10,"column":58},"end":{"line":10,"column":60}}],"line":10},"3":{"loc":{"start":{"line":10,"column":42},"end":{"line":10,"column":53}},"type":"default-arg","locations":[{"start":{"line":10,"column":50},"end":{"line":10,"column":53}}],"line":10}},"s":{"0":0,"1":0,"2":0,"3":0,"4":0,"5":0},"f":{"0":0,"1":0},"b":{"0":[0],"1":[0],"2":[0],"3":[0]}}
,"/Users/florishadekogbe/Documents/repositories/a-vc-shop-launch/frontend/src/components/common/ErrorBoundary.jsx": {"path":"/Users/florishadekogbe/Documents/repositories/a-vc-shop-launch/frontend/src/components/common/ErrorBoundary.jsx","statementMap":{"0":{"start":{"line":5,"column":4},"end":{"line":5,"column":17}},"1":{"start":{"line":6,"column":4},"end":{"line":6,"column":37}},"2":{"start":{"line":10,"column":4},"end":{"line":10,"column":30}},"3":{"start":{"line":15,"column":4},"end":{"line":15,"column":58}},"4":{"start":{"line":19,"column":4},"end":{"line":22,"column":5}},"5":{"start":{"line":20,"column":6},"end":{"line":20,"column":33}},"6":{"start":{"line":21,"column":6},"end":{"line":21,"column":18}},"7":{"start":{"line":24,"column":4},"end":{"line":24,"column":31}}},"fnMap":{"0":{"name":"(anonymous_0)","decl":{"start":{"line":4,"column":2},"end":{"line":4,"column":3}},"loc":{"start":{"line":4,"column":21},"end":{"line":7,"column":3}},"line":4},"1":{"name":"(anonymous_1)","decl":{"start":{"line":9,"column":2},"end":{"line":9,"column":3}},"loc":{"start":{"line":9,"column":41},"end":{"line":11,"column":3}},"line":9},"2":{"name":"(anonymous_2)","decl":{"start":{"line":13,"column":2},"end":{"line":13,"column":3}},"loc":{"start":{"line":13,"column":38},"end":{"line":16,"column":3}},"line":13},"3":{"name":"(anonymous_3)","decl":{"start":{"line":18,"column":2},"end":{"line":18,"column":3}},"loc":{"start":{"line":18,"column":11},"end":{"line":25,"column":3}},"line":18}},"branchMap":{"0":{"loc":{"start":{"line":19,"column":4},"end":{"line":22,"column":5}},"type":"if","locations":[{"start":{"line":19,"column":4},"end":{"line":22,"column":5}},{"start":{},"end":{}}],"line":19}},"s":{"0":0,"1":0,"2":0,"3":0,"4":0,"5":0,"6":0,"7":0},"f":{"0":0,"1":0,"2":0,"3":0},"b":{"0":[0,0]}}
,"/Users/florishadekogbe/Documents/repositories/a-vc-shop-launch/frontend/src/components/common/LoadingSpinner.jsx": {"path":"/Users/florishadekogbe/Documents/repositories/a-vc-shop-launch/frontend/src/components/common/LoadingSpinner.jsx","statementMap":{"0":{"start":{"line":1,"column":23},"end":{"line":13,"column":1}},"1":{"start":{"line":2,"column":2},"end":{"line":12,"column":4}}},"fnMap":{"0":{"name":"(anonymous_0)","decl":{"start":{"line":1,"column":23},"end":{"line":1,"column":24}},"loc":{"start":{"line":1,"column":29},"end":{"line":13,"column":1}},"line":1}},"branchMap":{},"s":{"0":2,"1":1},"f":{"0":1},"b":{},"_coverageSchema":"1a1c01bbd47fc00a2c39e90264f33305004495a9","hash":"e6207238f7b0c627b8640cc9818b505a961efd5b"}
,"/Users/florishadekogbe/Documents/repositories/a-vc-shop-launch/frontend/src/components/common/ProtectedRoute.jsx": {"path":"/Users/florishadekogbe/Documents/repositories/a-vc-shop-launch/frontend/src/components/common/ProtectedRoute.jsx","statementMap":{"0":{"start":{"line":5,"column":23},"end":{"line":14,"column":1}},"1":{"start":{"line":6,"column":19},"end":{"line":6,"column":28}},"2":{"start":{"line":7,"column":19},"end":{"line":7,"column":32}},"3":{"start":{"line":9,"column":2},"end":{"line":11,"column":3}},"4":{"start":{"line":10,"column":4},"end":{"line":10,"column":71}},"5":{"start":{"line":13,"column":2},"end":{"line":13,"column":18}}},"fnMap":{"0":{"name":"(anonymous_0)","decl":{"start":{"line":5,"column":23},"end":{"line":5,"column":24}},"loc":{"start":{"line":5,"column":41},"end":{"line":14,"column":1}},"line":5}},"branchMap":{"0":{"loc":{"start":{"line":9,"column":2},"end":{"line":11,"column":3}},"type":"if","locations":[{"start":{"line":9,"column":2},"end":{"line":11,"column":3}},{"start":{},"end":{}}],"line":9}},"s":{"0":3,"1":10,"2":10,"3":10,"4":5,"5":5},"f":{"0":10},"b":{"0":[5,5]},"_coverageSchema":"1a1c01bbd47fc00a2c39e90264f33305004495a9","hash":"f56a28d0068ee871d41afd9c993861c34d2344d9"}
,"/Users/florishadekogbe/Documents/repositories/a-vc-shop-launch/frontend/src/components/features/ProductFeatures.jsx": {"path":"/Users/florishadekogbe/Documents/repositories/a-vc-shop-launch/frontend/src/components/features/ProductFeatures.jsx","statementMap":{},"fnMap":{},"branchMap":{},"s":{},"f":{},"b":{}}
,"/Users/florishadekogbe/Documents/repositories/a-vc-shop-launch/frontend/src/components/layout/Layout.jsx": {"path":"/Users/florishadekogbe/Documents/repositories/a-vc-shop-launch/frontend/src/components/layout/Layout.jsx","statementMap":{"0":{"start":{"line":5,"column":22},"end":{"line":114,"column":1}},"1":{"start":{"line":6,"column":27},"end":{"line":6,"column":36}},"2":{"start":{"line":7,"column":19},"end":{"line":7,"column":32}},"3":{"start":{"line":9,"column":23},"end":{"line":12,"column":3}},"4":{"start":{"line":10,"column":4},"end":{"line":10,"column":13}},"5":{"start":{"line":11,"column":4},"end":{"line":11,"column":18}},"6":{"start":{"line":13,"column":2},"end":{"line":113,"column":4}}},"fnMap":{"0":{"name":"(anonymous_0)","decl":{"start":{"line":5,"column":22},"end":{"line":5,"column":23}},"loc":{"start":{"line":5,"column":28},"end":{"line":114,"column":1}},"line":5},"1":{"name":"(anonymous_1)","decl":{"start":{"line":9,"column":23},"end":{"line":9,"column":24}},"loc":{"start":{"line":9,"column":29},"end":{"line":12,"column":3}},"line":9}},"branchMap":{"0":{"loc":{"start":{"line":67,"column":17},"end":{"line":94,"column":17}},"type":"cond-expr","locations":[{"start":{"line":68,"column":18},"end":{"line":76,"column":21}},{"start":{"line":78,"column":18},"end":{"line":93,"column":21}}],"line":67}},"s":{"0":3,"1":23,"2":23,"3":23,"4":0,"5":0,"6":23},"f":{"0":23,"1":0},"b":{"0":[4,19]},"_coverageSchema":"1a1c01bbd47fc00a2c39e90264f33305004495a9","hash":"05817a578d0a7b3458fb7806a70b344062ac13d3"}
,"/Users/florishadekogbe/Documents/repositories/a-vc-shop-launch/frontend/src/context/AuthContext.js": {"path":"/Users/florishadekogbe/Documents/repositories/a-vc-shop-launch/frontend/src/context/AuthContext.js","statementMap":{"0":{"start":{"line":3,"column":27},"end":{"line":3,"column":46}}},"fnMap":{},"branchMap":{},"s":{"0":5},"f":{},"b":{},"_coverageSchema":"1a1c01bbd47fc00a2c39e90264f33305004495a9","hash":"4b71e352968d5f54e1d0ea487578e37c60483e97"}
,"/Users/florishadekogbe/Documents/repositories/a-vc-shop-launch/frontend/src/context/AuthProvider.jsx": {"path":"/Users/florishadekogbe/Documents/repositories/a-vc-shop-launch/frontend/src/context/AuthProvider.jsx","statementMap":{"0":{"start":{"line":4,"column":28},"end":{"line":31,"column":1}},"1":{"start":{"line":11,"column":26},"end":{"line":11,"column":40}},"2":{"start":{"line":19,"column":16},"end":{"line":21,"column":3}},"3":{"start":{"line":20,"column":4},"end":{"line":20,"column":22}},"4":{"start":{"line":26,"column":17},"end":{"line":28,"column":3}},"5":{"start":{"line":27,"column":4},"end":{"line":27,"column":18}},"6":{"start":{"line":30,"column":2},"end":{"line":30,"column":97}}},"fnMap":{"0":{"name":"(anonymous_0)","decl":{"start":{"line":4,"column":28},"end":{"line":4,"column":29}},"loc":{"start":{"line":4,"column":46},"end":{"line":31,"column":1}},"line":4},"1":{"name":"(anonymous_1)","decl":{"start":{"line":19,"column":16},"end":{"line":19,"column":17}},"loc":{"start":{"line":19,"column":30},"end":{"line":21,"column":3}},"line":19},"2":{"name":"(anonymous_2)","decl":{"start":{"line":26,"column":17},"end":{"line":26,"column":18}},"loc":{"start":{"line":26,"column":23},"end":{"line":28,"column":3}},"line":26}},"branchMap":{},"s":{"0":4,"1":24,"2":24,"3":2,"4":24,"5":2,"6":24},"f":{"0":24,"1":2,"2":2},"b":{},"_coverageSchema":"1a1c01bbd47fc00a2c39e90264f33305004495a9","hash":"48c930d6d24c76333cd8ac0b1692c028745f7066"}
,"/Users/florishadekogbe/Documents/repositories/a-vc-shop-launch/frontend/src/hooks/useAuth.js": {"path":"/Users/florishadekogbe/Documents/repositories/a-vc-shop-launch/frontend/src/hooks/useAuth.js","statementMap":{"0":{"start":{"line":8,"column":23},"end":{"line":16,"column":1}},"1":{"start":{"line":9,"column":18},"end":{"line":9,"column":41}},"2":{"start":{"line":11,"column":2},"end":{"line":13,"column":3}},"3":{"start":{"line":12,"column":4},"end":{"line":12,"column":67}},"4":{"start":{"line":15,"column":2},"end":{"line":15,"column":17}}},"fnMap":{"0":{"name":"(anonymous_0)","decl":{"start":{"line":8,"column":23},"end":{"line":8,"column":24}},"loc":{"start":{"line":8,"column":29},"end":{"line":16,"column":1}},"line":8}},"branchMap":{"0":{"loc":{"start":{"line":11,"column":2},"end":{"line":13,"column":3}},"type":"if","locations":[{"start":{"line":11,"column":2},"end":{"line":13,"column":3}},{"start":{},"end":{}}],"line":11}},"s":{"0":4,"1":15,"2":15,"3":0,"4":15},"f":{"0":15},"b":{"0":[0,15]},"_coverageSchema":"1a1c01bbd47fc00a2c39e90264f33305004495a9","hash":"346b909b4829467c31674e4828e5898d8c4c6ded"}
,"/Users/florishadekogbe/Documents/repositories/a-vc-shop-launch/frontend/src/pages/CartPage.jsx": {"path":"/Users/florishadekogbe/Documents/repositories/a-vc-shop-launch/frontend/src/pages/CartPage.jsx","statementMap":{"0":{"start":{"line":3,"column":17},"end":{"line":10,"column":1}},"1":{"start":{"line":4,"column":2},"end":{"line":9,"column":4}}},"fnMap":{"0":{"name":"(anonymous_0)","decl":{"start":{"line":3,"column":17},"end":{"line":3,"column":18}},"loc":{"start":{"line":3,"column":23},"end":{"line":10,"column":1}},"line":3}},"branchMap":{},"s":{"0":0,"1":0},"f":{"0":0},"b":{}}
,"/Users/florishadekogbe/Documents/repositories/a-vc-shop-launch/frontend/src/pages/CatalogPage.jsx": {"path":"/Users/florishadekogbe/Documents/repositories/a-vc-shop-launch/frontend/src/pages/CatalogPage.jsx","statementMap":{"0":{"start":{"line":3,"column":20},"end":{"line":9,"column":1}},"1":{"start":{"line":4,"column":2},"end":{"line":8,"column":4}}},"fnMap":{"0":{"name":"(anonymous_0)","decl":{"start":{"line":3,"column":20},"end":{"line":3,"column":21}},"loc":{"start":{"line":3,"column":26},"end":{"line":9,"column":1}},"line":3}},"branchMap":{},"s":{"0":0,"1":0},"f":{"0":0},"b":{}}
,"/Users/florishadekogbe/Documents/repositories/a-vc-shop-launch/frontend/src/pages/CheckoutPage.jsx": {"path":"/Users/florishadekogbe/Documents/repositories/a-vc-shop-launch/frontend/src/pages/CheckoutPage.jsx","statementMap":{"0":{"start":{"line":3,"column":21},"end":{"line":10,"column":1}},"1":{"start":{"line":4,"column":2},"end":{"line":9,"column":4}}},"fnMap":{"0":{"name":"(anonymous_0)","decl":{"start":{"line":3,"column":21},"end":{"line":3,"column":22}},"loc":{"start":{"line":3,"column":27},"end":{"line":10,"column":1}},"line":3}},"branchMap":{},"s":{"0":0,"1":0},"f":{"0":0},"b":{}}
,"/Users/florishadekogbe/Documents/repositories/a-vc-shop-launch/frontend/src/pages/HomePage.jsx": {"path":"/Users/florishadekogbe/Documents/repositories/a-vc-shop-launch/frontend/src/pages/HomePage.jsx","statementMap":{"0":{"start":{"line":3,"column":17},"end":{"line":9,"column":1}},"1":{"start":{"line":4,"column":2},"end":{"line":8,"column":4}}},"fnMap":{"0":{"name":"(anonymous_0)","decl":{"start":{"line":3,"column":17},"end":{"line":3,"column":18}},"loc":{"start":{"line":3,"column":23},"end":{"line":9,"column":1}},"line":3}},"branchMap":{},"s":{"0":1,"1":1},"f":{"0":1},"b":{},"_coverageSchema":"1a1c01bbd47fc00a2c39e90264f33305004495a9","hash":"773adafd868ddc933649d16fca18f268d6aa07e8"}
,"/Users/florishadekogbe/Documents/repositories/a-vc-shop-launch/frontend/src/pages/LoginPage.jsx": {"path":"/Users/florishadekogbe/Documents/repositories/a-vc-shop-launch/frontend/src/pages/LoginPage.jsx","statementMap":{"0":{"start":{"line":3,"column":18},"end":{"line":9,"column":1}},"1":{"start":{"line":4,"column":2},"end":{"line":8,"column":4}}},"fnMap":{"0":{"name":"(anonymous_0)","decl":{"start":{"line":3,"column":18},"end":{"line":3,"column":19}},"loc":{"start":{"line":3,"column":24},"end":{"line":9,"column":1}},"line":3}},"branchMap":{},"s":{"0":0,"1":0},"f":{"0":0},"b":{}}
,"/Users/florishadekogbe/Documents/repositories/a-vc-shop-launch/frontend/src/pages/NotFoundPage.jsx": {"path":"/Users/florishadekogbe/Documents/repositories/a-vc-shop-launch/frontend/src/pages/NotFoundPage.jsx","statementMap":{"0":{"start":{"line":3,"column":21},"end":{"line":12,"column":1}},"1":{"start":{"line":4,"column":2},"end":{"line":11,"column":4}}},"fnMap":{"0":{"name":"(anonymous_0)","decl":{"start":{"line":3,"column":21},"end":{"line":3,"column":22}},"loc":{"start":{"line":3,"column":27},"end":{"line":12,"column":1}},"line":3}},"branchMap":{},"s":{"0":0,"1":0},"f":{"0":0},"b":{}}
,"/Users/florishadekogbe/Documents/repositories/a-vc-shop-launch/frontend/src/pages/OrderDetailsPage.jsx": {"path":"/Users/florishadekogbe/Documents/repositories/a-vc-shop-launch/frontend/src/pages/OrderDetailsPage.jsx","statementMap":{"0":{"start":{"line":4,"column":25},"end":{"line":15,"column":1}},"1":{"start":{"line":5,"column":17},"end":{"line":5,"column":28}},"2":{"start":{"line":7,"column":2},"end":{"line":14,"column":4}}},"fnMap":{"0":{"name":"(anonymous_0)","decl":{"start":{"line":4,"column":25},"end":{"line":4,"column":26}},"loc":{"start":{"line":4,"column":31},"end":{"line":15,"column":1}},"line":4}},"branchMap":{},"s":{"0":0,"1":0,"2":0},"f":{"0":0},"b":{}}
,"/Users/florishadekogbe/Documents/repositories/a-vc-shop-launch/frontend/src/pages/OrdersPage.jsx": {"path":"/Users/florishadekogbe/Documents/repositories/a-vc-shop-launch/frontend/src/pages/OrdersPage.jsx","statementMap":{"0":{"start":{"line":3,"column":19},"end":{"line":10,"column":1}},"1":{"start":{"line":4,"column":2},"end":{"line":9,"column":4}}},"fnMap":{"0":{"name":"(anonymous_0)","decl":{"start":{"line":3,"column":19},"end":{"line":3,"column":20}},"loc":{"start":{"line":3,"column":25},"end":{"line":10,"column":1}},"line":3}},"branchMap":{},"s":{"0":0,"1":0},"f":{"0":0},"b":{}}
,"/Users/florishadekogbe/Documents/repositories/a-vc-shop-launch/frontend/src/pages/ProductDetailPage.jsx": {"path":"/Users/florishadekogbe/Documents/repositories/a-vc-shop-launch/frontend/src/pages/ProductDetailPage.jsx","statementMap":{"0":{"start":{"line":4,"column":26},"end":{"line":13,"column":1}},"1":{"start":{"line":5,"column":17},"end":{"line":5,"column":28}},"2":{"start":{"line":7,"column":2},"end":{"line":12,"column":4}}},"fnMap":{"0":{"name":"(anonymous_0)","decl":{"start":{"line":4,"column":26},"end":{"line":4,"column":27}},"loc":{"start":{"line":4,"column":32},"end":{"line":13,"column":1}},"line":4}},"branchMap":{},"s":{"0":0,"1":0,"2":0},"f":{"0":0},"b":{}}
,"/Users/florishadekogbe/Documents/repositories/a-vc-shop-launch/frontend/src/pages/SignupPage.jsx": {"path":"/Users/florishadekogbe/Documents/repositories/a-vc-shop-launch/frontend/src/pages/SignupPage.jsx","statementMap":{"0":{"start":{"line":3,"column":19},"end":{"line":9,"column":1}},"1":{"start":{"line":4,"column":2},"end":{"line":8,"column":4}}},"fnMap":{"0":{"name":"(anonymous_0)","decl":{"start":{"line":3,"column":19},"end":{"line":3,"column":20}},"loc":{"start":{"line":3,"column":25},"end":{"line":9,"column":1}},"line":3}},"branchMap":{},"s":{"0":0,"1":0},"f":{"0":0},"b":{}}
,"/Users/florishadekogbe/Documents/repositories/a-vc-shop-launch/frontend/src/services/api.js": {"path":"/Users/florishadekogbe/Documents/repositories/a-vc-shop-launch/frontend/src/services/api.js","statementMap":{"0":{"start":{"line":9,"column":18},"end":{"line":19,"column":1}},"1":{"start":{"line":11,"column":2},"end":{"line":13,"column":3}},"2":{"start":{"line":12,"column":4},"end":{"line":12,"column":31}},"3":{"start":{"line":15,"column":2},"end":{"line":17,"column":3}},"4":{"start":{"line":16,"column":4},"end":{"line":16,"column":28}},"5":{"start":{"line":18,"column":2},"end":{"line":18,"column":14}},"6":{"start":{"line":21,"column":21},"end":{"line":21,"column":107}},"7":{"start":{"line":22,"column":24},"end":{"line":22,"column":29}},"8":{"start":{"line":23,"column":20},"end":{"line":23,"column":21}},"9":{"start":{"line":24,"column":20},"end":{"line":24,"column":24}},"10":{"start":{"line":31,"column":2},"end":{"line":31,"column":29}},"11":{"start":{"line":35,"column":23},"end":{"line":35,"column":52}},"12":{"start":{"line":36,"column":29},"end":{"line":36,"column":35}},"13":{"start":{"line":39,"column":14},"end":{"line":39,"column":24}},"14":{"start":{"line":40,"column":2},"end":{"line":42,"column":3}},"15":{"start":{"line":41,"column":4},"end":{"line":41,"column":32}},"16":{"start":{"line":44,"column":18},"end":{"line":44,"column":44}},"17":{"start":{"line":45,"column":2},"end":{"line":52,"column":3}},"18":{"start":{"line":46,"column":26},"end":{"line":46,"column":50}},"19":{"start":{"line":47,"column":4},"end":{"line":51,"column":5}},"20":{"start":{"line":48,"column":6},"end":{"line":48,"column":55}},"21":{"start":{"line":49,"column":6},"end":{"line":49,"column":37}},"22":{"start":{"line":50,"column":6},"end":{"line":50,"column":34}},"23":{"start":{"line":53,"column":2},"end":{"line":53,"column":14}},"24":{"start":{"line":62,"column":2},"end":{"line":62,"column":67}},"25":{"start":{"line":71,"column":21},"end":{"line":71,"column":42}},"26":{"start":{"line":72,"column":20},"end":{"line":72,"column":65}},"27":{"start":{"line":72,"column":37},"end":{"line":72,"column":55}},"28":{"start":{"line":73,"column":2},"end":{"line":75,"column":21}},"29":{"start":{"line":74,"column":4},"end":{"line":74,"column":28}},"30":{"start":{"line":76,"column":2},"end":{"line":76,"column":20}},"31":{"start":{"line":85,"column":2},"end":{"line":85,"column":59}},"32":{"start":{"line":85,"column":34},"end":{"line":85,"column":57}},"33":{"start":{"line":92,"column":21},"end":{"line":92,"column":25}},"34":{"start":{"line":95,"column":2},"end":{"line":95,"column":44}},"35":{"start":{"line":95,"column":22},"end":{"line":95,"column":44}},"36":{"start":{"line":97,"column":2},"end":{"line":120,"column":7}},"37":{"start":{"line":98,"column":4},"end":{"line":116,"column":5}},"38":{"start":{"line":99,"column":25},"end":{"line":99,"column":65}},"39":{"start":{"line":100,"column":23},"end":{"line":108,"column":8}},"40":{"start":{"line":110,"column":6},"end":{"line":113,"column":7}},"41":{"start":{"line":111,"column":8},"end":{"line":111,"column":30}},"42":{"start":{"line":112,"column":8},"end":{"line":112,"column":20}},"43":{"start":{"line":115,"column":6},"end":{"line":115,"column":52}},"44":{"start":{"line":118,"column":4},"end":{"line":118,"column":26}},"45":{"start":{"line":119,"column":4},"end":{"line":119,"column":17}},"46":{"start":{"line":122,"column":2},"end":{"line":122,"column":24}},"47":{"start":{"line":133,"column":2},"end":{"line":137,"column":3}},"48":{"start":{"line":135,"column":4},"end":{"line":135,"column":48}},"49":{"start":{"line":136,"column":4},"end":{"line":136,"column":39}},"50":{"start":{"line":140,"column":20},"end":{"line":140,"column":40}},"51":{"start":{"line":142,"column":2},"end":{"line":149,"column":3}},"52":{"start":{"line":144,"column":4},"end":{"line":144,"column":62}},"53":{"start":{"line":147,"column":4},"end":{"line":147,"column":48}},"54":{"start":{"line":148,"column":4},"end":{"line":148,"column":45}},"55":{"start":{"line":156,"column":2},"end":{"line":156,"column":31}},"56":{"start":{"line":159,"column":2},"end":{"line":162,"column":3}},"57":{"start":{"line":160,"column":4},"end":{"line":160,"column":34}},"58":{"start":{"line":161,"column":4},"end":{"line":161,"column":11}},"59":{"start":{"line":165,"column":2},"end":{"line":169,"column":3}},"60":{"start":{"line":166,"column":4},"end":{"line":166,"column":32}},"61":{"start":{"line":168,"column":4},"end":{"line":168,"column":31}},"62":{"start":{"line":177,"column":4},"end":{"line":177,"column":19}},"63":{"start":{"line":178,"column":4},"end":{"line":178,"column":27}},"64":{"start":{"line":179,"column":4},"end":{"line":179,"column":25}},"65":{"start":{"line":180,"column":4},"end":{"line":180,"column":21}},"66":{"start":{"line":181,"column":4},"end":{"line":181,"column":27}},"67":{"start":{"line":194,"column":2},"end":{"line":210,"column":3}},"68":{"start":{"line":197,"column":6},"end":{"line":197,"column":42}},"69":{"start":{"line":201,"column":6},"end":{"line":201,"column":119}},"70":{"start":{"line":204,"column":6},"end":{"line":204,"column":94}},"71":{"start":{"line":209,"column":6},"end":{"line":209,"column":111}},"72":{"start":{"line":234,"column":6},"end":{"line":234,"column":13}},"73":{"start":{"line":236,"column":14},"end":{"line":236,"column":42}},"74":{"start":{"line":237,"column":20},"end":{"line":237,"column":34}},"75":{"start":{"line":240,"column":25},"end":{"line":244,"column":3}},"76":{"start":{"line":247,"column":2},"end":{"line":252,"column":3}},"77":{"start":{"line":248,"column":22},"end":{"line":248,"column":36}},"78":{"start":{"line":249,"column":4},"end":{"line":251,"column":5}},"79":{"start":{"line":250,"column":6},"end":{"line":250,"column":49}},"80":{"start":{"line":255,"column":20},"end":{"line":255,"column":24}},"81":{"start":{"line":256,"column":2},"end":{"line":258,"column":3}},"82":{"start":{"line":257,"column":4},"end":{"line":257,"column":39}},"83":{"start":{"line":261,"column":18},"end":{"line":261,"column":22}},"84":{"start":{"line":262,"column":2},"end":{"line":344,"column":3}},"85":{"start":{"line":262,"column":21},"end":{"line":262,"column":22}},"86":{"start":{"line":263,"column":4},"end":{"line":343,"column":5}},"87":{"start":{"line":265,"column":25},"end":{"line":265,"column":57}},"88":{"start":{"line":268,"column":23},"end":{"line":275,"column":8}},"89":{"start":{"line":278,"column":17},"end":{"line":278,"column":21}},"90":{"start":{"line":279,"column":26},"end":{"line":279,"column":62}},"91":{"start":{"line":281,"column":6},"end":{"line":292,"column":7}},"92":{"start":{"line":282,"column":8},"end":{"line":287,"column":9}},"93":{"start":{"line":283,"column":10},"end":{"line":283,"column":39}},"94":{"start":{"line":285,"column":10},"end":{"line":285,"column":69}},"95":{"start":{"line":286,"column":10},"end":{"line":286,"column":66}},"96":{"start":{"line":290,"column":21},"end":{"line":290,"column":42}},"97":{"start":{"line":291,"column":8},"end":{"line":291,"column":55}},"98":{"start":{"line":295,"column":6},"end":{"line":297,"column":7}},"99":{"start":{"line":296,"column":8},"end":{"line":296,"column":20}},"100":{"start":{"line":300,"column":6},"end":{"line":308,"column":9}},"101":{"start":{"line":310,"column":6},"end":{"line":310,"column":24}},"102":{"start":{"line":313,"column":6},"end":{"line":315,"column":7}},"103":{"start":{"line":314,"column":8},"end":{"line":314,"column":20}},"104":{"start":{"line":318,"column":6},"end":{"line":320,"column":7}},"105":{"start":{"line":319,"column":8},"end":{"line":319,"column":20}},"106":{"start":{"line":324,"column":8},"end":{"line":327,"column":39}},"107":{"start":{"line":329,"column":6},"end":{"line":331,"column":7}},"108":{"start":{"line":330,"column":8},"end":{"line":330,"column":20}},"109":{"start":{"line":334,"column":6},"end":{"line":337,"column":8}},"110":{"start":{"line":340,"column":6},"end":{"line":342,"column":7}},"111":{"start":{"line":341,"column":8},"end":{"line":341,"column":33}},"112":{"start":{"line":347,"column":2},"end":{"line":352,"column":4}},"113":{"start":{"line":356,"column":19},"end":{"line":404,"column":1}},"114":{"start":{"line":364,"column":4},"end":{"line":364,"column":55}},"115":{"start":{"line":374,"column":4},"end":{"line":374,"column":62}},"116":{"start":{"line":384,"column":4},"end":{"line":384,"column":61}},"117":{"start":{"line":394,"column":4},"end":{"line":394,"column":63}},"118":{"start":{"line":403,"column":4},"end":{"line":403,"column":58}},"119":{"start":{"line":407,"column":20},"end":{"line":413,"column":1}},"120":{"start":{"line":408,"column":26},"end":{"line":408,"column":66}},"121":{"start":{"line":409,"column":24},"end":{"line":409,"column":62}},"122":{"start":{"line":410,"column":16},"end":{"line":410,"column":44}},"123":{"start":{"line":411,"column":17},"end":{"line":411,"column":46}},"124":{"start":{"line":412,"column":12},"end":{"line":412,"column":35}},"125":{"start":{"line":416,"column":23},"end":{"line":419,"column":1}},"126":{"start":{"line":417,"column":14},"end":{"line":417,"column":38}},"127":{"start":{"line":418,"column":15},"end":{"line":418,"column":44}},"128":{"start":{"line":422,"column":20},"end":{"line":428,"column":1}},"129":{"start":{"line":423,"column":13},"end":{"line":423,"column":34}},"130":{"start":{"line":424,"column":21},"end":{"line":424,"column":54}},"131":{"start":{"line":425,"column":31},"end":{"line":425,"column":72}},"132":{"start":{"line":426,"column":22},"end":{"line":426,"column":57}},"133":{"start":{"line":427,"column":15},"end":{"line":427,"column":39}},"134":{"start":{"line":431,"column":22},"end":{"line":435,"column":1}},"135":{"start":{"line":432,"column":25},"end":{"line":432,"column":60}},"136":{"start":{"line":433,"column":14},"end":{"line":433,"column":37}},"137":{"start":{"line":434,"column":15},"end":{"line":434,"column":43}},"138":{"start":{"line":438,"column":21},"end":{"line":441,"column":1}},"139":{"start":{"line":439,"column":22},"end":{"line":439,"column":56}},"140":{"start":{"line":440,"column":36},"end":{"line":440,"column":81}},"141":{"start":{"line":444,"column":25},"end":{"line":448,"column":1}},"142":{"start":{"line":445,"column":19},"end":{"line":445,"column":54}},"143":{"start":{"line":446,"column":16},"end":{"line":446,"column":48}},"144":{"start":{"line":447,"column":18},"end":{"line":447,"column":52}},"145":{"start":{"line":451,"column":29},"end":{"line":455,"column":1}},"146":{"start":{"line":452,"column":14},"end":{"line":452,"column":44}},"147":{"start":{"line":453,"column":15},"end":{"line":453,"column":50}},"148":{"start":{"line":454,"column":30},"end":{"line":454,"column":79}},"149":{"start":{"line":460,"column":30},"end":{"line":460,"column":44}},"150":{"start":{"line":463,"column":2},"end":{"line":463,"column":30}},"151":{"start":{"line":464,"column":2},"end":{"line":464,"column":31}}},"fnMap":{"0":{"name":"(anonymous_0)","decl":{"start":{"line":9,"column":18},"end":{"line":9,"column":19}},"loc":{"start":{"line":9,"column":27},"end":{"line":19,"column":1}},"line":9},"1":{"name":"generateUUID","decl":{"start":{"line":30,"column":16},"end":{"line":30,"column":28}},"loc":{"start":{"line":30,"column":31},"end":{"line":32,"column":1}},"line":30},"2":{"name":"getCSRFToken","decl":{"start":{"line":38,"column":16},"end":{"line":38,"column":28}},"loc":{"start":{"line":38,"column":31},"end":{"line":54,"column":1}},"line":38},"3":{"name":"isSafeMethod","decl":{"start":{"line":61,"column":9},"end":{"line":61,"column":21}},"loc":{"start":{"line":61,"column":30},"end":{"line":63,"column":1}},"line":61},"4":{"name":"createTimeoutController","decl":{"start":{"line":70,"column":9},"end":{"line":70,"column":32}},"loc":{"start":{"line":70,"column":42},"end":{"line":77,"column":1}},"line":70},"5":{"name":"(anonymous_5)","decl":{"start":{"line":72,"column":31},"end":{"line":72,"column":32}},"loc":{"start":{"line":72,"column":37},"end":{"line":72,"column":55}},"line":72},"6":{"name":"(anonymous_6)","decl":{"start":{"line":73,"column":46},"end":{"line":73,"column":47}},"loc":{"start":{"line":73,"column":52},"end":{"line":75,"column":3}},"line":73},"7":{"name":"delay","decl":{"start":{"line":84,"column":9},"end":{"line":84,"column":14}},"loc":{"start":{"line":84,"column":19},"end":{"line":86,"column":1}},"line":84},"8":{"name":"(anonymous_8)","decl":{"start":{"line":85,"column":21},"end":{"line":85,"column":22}},"loc":{"start":{"line":85,"column":34},"end":{"line":85,"column":57}},"line":85},"9":{"name":"refreshToken","decl":{"start":{"line":94,"column":15},"end":{"line":94,"column":27}},"loc":{"start":{"line":94,"column":30},"end":{"line":123,"column":1}},"line":94},"10":{"name":"(anonymous_10)","decl":{"start":{"line":97,"column":20},"end":{"line":97,"column":21}},"loc":{"start":{"line":97,"column":32},"end":{"line":120,"column":3}},"line":97},"11":{"name":"handle401","decl":{"start":{"line":131,"column":15},"end":{"line":131,"column":24}},"loc":{"start":{"line":131,"column":44},"end":{"line":150,"column":1}},"line":131},"12":{"name":"safeRedirect","decl":{"start":{"line":155,"column":9},"end":{"line":155,"column":21}},"loc":{"start":{"line":155,"column":27},"end":{"line":170,"column":1}},"line":155},"13":{"name":"(anonymous_13)","decl":{"start":{"line":176,"column":2},"end":{"line":176,"column":3}},"loc":{"start":{"line":176,"column":53},"end":{"line":182,"column":3}},"line":176},"14":{"name":"handleErrorResponse","decl":{"start":{"line":193,"column":15},"end":{"line":193,"column":34}},"loc":{"start":{"line":193,"column":70},"end":{"line":211,"column":1}},"line":193},"15":{"name":"apiRequest","decl":{"start":{"line":225,"column":22},"end":{"line":225,"column":32}},"loc":{"start":{"line":225,"column":57},"end":{"line":353,"column":1}},"line":225},"16":{"name":"(anonymous_16)","decl":{"start":{"line":363,"column":7},"end":{"line":363,"column":8}},"loc":{"start":{"line":364,"column":4},"end":{"line":364,"column":55}},"line":364},"17":{"name":"(anonymous_17)","decl":{"start":{"line":373,"column":8},"end":{"line":373,"column":9}},"loc":{"start":{"line":374,"column":4},"end":{"line":374,"column":62}},"line":374},"18":{"name":"(anonymous_18)","decl":{"start":{"line":383,"column":7},"end":{"line":383,"column":8}},"loc":{"start":{"line":384,"column":4},"end":{"line":384,"column":61}},"line":384},"19":{"name":"(anonymous_19)","decl":{"start":{"line":393,"column":9},"end":{"line":393,"column":10}},"loc":{"start":{"line":394,"column":4},"end":{"line":394,"column":63}},"line":394},"20":{"name":"(anonymous_20)","decl":{"start":{"line":402,"column":10},"end":{"line":402,"column":11}},"loc":{"start":{"line":403,"column":4},"end":{"line":403,"column":58}},"line":403},"21":{"name":"(anonymous_21)","decl":{"start":{"line":408,"column":9},"end":{"line":408,"column":10}},"loc":{"start":{"line":408,"column":26},"end":{"line":408,"column":66}},"line":408},"22":{"name":"(anonymous_22)","decl":{"start":{"line":409,"column":10},"end":{"line":409,"column":11}},"loc":{"start":{"line":409,"column":24},"end":{"line":409,"column":62}},"line":409},"23":{"name":"(anonymous_23)","decl":{"start":{"line":410,"column":10},"end":{"line":410,"column":11}},"loc":{"start":{"line":410,"column":16},"end":{"line":410,"column":44}},"line":410},"24":{"name":"(anonymous_24)","decl":{"start":{"line":411,"column":11},"end":{"line":411,"column":12}},"loc":{"start":{"line":411,"column":17},"end":{"line":411,"column":46}},"line":411},"25":{"name":"(anonymous_25)","decl":{"start":{"line":412,"column":6},"end":{"line":412,"column":7}},"loc":{"start":{"line":412,"column":12},"end":{"line":412,"column":35}},"line":412},"26":{"name":"(anonymous_26)","decl":{"start":{"line":417,"column":8},"end":{"line":417,"column":9}},"loc":{"start":{"line":417,"column":14},"end":{"line":417,"column":38}},"line":417},"27":{"name":"(anonymous_27)","decl":{"start":{"line":418,"column":7},"end":{"line":418,"column":8}},"loc":{"start":{"line":418,"column":15},"end":{"line":418,"column":44}},"line":418},"28":{"name":"(anonymous_28)","decl":{"start":{"line":423,"column":7},"end":{"line":423,"column":8}},"loc":{"start":{"line":423,"column":13},"end":{"line":423,"column":34}},"line":423},"29":{"name":"(anonymous_29)","decl":{"start":{"line":424,"column":11},"end":{"line":424,"column":12}},"loc":{"start":{"line":424,"column":21},"end":{"line":424,"column":54}},"line":424},"30":{"name":"(anonymous_30)","decl":{"start":{"line":425,"column":14},"end":{"line":425,"column":15}},"loc":{"start":{"line":425,"column":31},"end":{"line":425,"column":72}},"line":425},"31":{"name":"(anonymous_31)","decl":{"start":{"line":426,"column":14},"end":{"line":426,"column":15}},"loc":{"start":{"line":426,"column":22},"end":{"line":426,"column":57}},"line":426},"32":{"name":"(anonymous_32)","decl":{"start":{"line":427,"column":9},"end":{"line":427,"column":10}},"loc":{"start":{"line":427,"column":15},"end":{"line":427,"column":39}},"line":427},"33":{"name":"(anonymous_33)","decl":{"start":{"line":432,"column":10},"end":{"line":432,"column":11}},"loc":{"start":{"line":432,"column":25},"end":{"line":432,"column":60}},"line":432},"34":{"name":"(anonymous_34)","decl":{"start":{"line":433,"column":8},"end":{"line":433,"column":9}},"loc":{"start":{"line":433,"column":14},"end":{"line":433,"column":37}},"line":433},"35":{"name":"(anonymous_35)","decl":{"start":{"line":434,"column":7},"end":{"line":434,"column":8}},"loc":{"start":{"line":434,"column":15},"end":{"line":434,"column":43}},"line":434},"36":{"name":"(anonymous_36)","decl":{"start":{"line":439,"column":7},"end":{"line":439,"column":8}},"loc":{"start":{"line":439,"column":22},"end":{"line":439,"column":56}},"line":439},"37":{"name":"(anonymous_37)","decl":{"start":{"line":440,"column":10},"end":{"line":440,"column":11}},"loc":{"start":{"line":440,"column":36},"end":{"line":440,"column":81}},"line":440},"38":{"name":"(anonymous_38)","decl":{"start":{"line":445,"column":13},"end":{"line":445,"column":14}},"loc":{"start":{"line":445,"column":19},"end":{"line":445,"column":54}},"line":445},"39":{"name":"(anonymous_39)","decl":{"start":{"line":446,"column":10},"end":{"line":446,"column":11}},"loc":{"start":{"line":446,"column":16},"end":{"line":446,"column":48}},"line":446},"40":{"name":"(anonymous_40)","decl":{"start":{"line":447,"column":12},"end":{"line":447,"column":13}},"loc":{"start":{"line":447,"column":18},"end":{"line":447,"column":52}},"line":447},"41":{"name":"(anonymous_41)","decl":{"start":{"line":452,"column":8},"end":{"line":452,"column":9}},"loc":{"start":{"line":452,"column":14},"end":{"line":452,"column":44}},"line":452},"42":{"name":"(anonymous_42)","decl":{"start":{"line":453,"column":7},"end":{"line":453,"column":8}},"loc":{"start":{"line":453,"column":15},"end":{"line":453,"column":50}},"line":453},"43":{"name":"(anonymous_43)","decl":{"start":{"line":454,"column":8},"end":{"line":454,"column":9}},"loc":{"start":{"line":454,"column":30},"end":{"line":454,"column":79}},"line":454},"44":{"name":"clearCSRFCache","decl":{"start":{"line":462,"column":16},"end":{"line":462,"column":30}},"loc":{"start":{"line":462,"column":33},"end":{"line":465,"column":1}},"line":462}},"branchMap":{"0":{"loc":{"start":{"line":11,"column":2},"end":{"line":13,"column":3}},"type":"if","locations":[{"start":{"line":11,"column":2},"end":{"line":13,"column":3}},{"start":{},"end":{}}],"line":11},"1":{"loc":{"start":{"line":11,"column":6},"end":{"line":11,"column":60}},"type":"binary-expr","locations":[{"start":{"line":11,"column":6},"end":{"line":11,"column":35}},{"start":{"line":11,"column":39},"end":{"line":11,"column":60}}],"line":11},"2":{"loc":{"start":{"line":15,"column":2},"end":{"line":17,"column":3}},"type":"if","locations":[{"start":{"line":15,"column":2},"end":{"line":17,"column":3}},{"start":{},"end":{}}],"line":15},"3":{"loc":{"start":{"line":21,"column":21},"end":{"line":21,"column":107}},"type":"binary-expr","locations":[{"start":{"line":21,"column":21},"end":{"line":21,"column":46}},{"start":{"line":21,"column":50},"end":{"line":21,"column":80}},{"start":{"line":21,"column":84},"end":{"line":21,"column":107}}],"line":21},"4":{"loc":{"start":{"line":40,"column":2},"end":{"line":42,"column":3}},"type":"if","locations":[{"start":{"line":40,"column":2},"end":{"line":42,"column":3}},{"start":{},"end":{}}],"line":40},"5":{"loc":{"start":{"line":40,"column":6},"end":{"line":40,"column":83}},"type":"binary-expr","locations":[{"start":{"line":40,"column":6},"end":{"line":40,"column":26}},{"start":{"line":40,"column":30},"end":{"line":40,"column":83}}],"line":40},"6":{"loc":{"start":{"line":47,"column":4},"end":{"line":51,"column":5}},"type":"if","locations":[{"start":{"line":47,"column":4},"end":{"line":51,"column":5}},{"start":{},"end":{}}],"line":47},"7":{"loc":{"start":{"line":95,"column":2},"end":{"line":95,"column":44}},"type":"if","locations":[{"start":{"line":95,"column":2},"end":{"line":95,"column":44}},{"start":{},"end":{}}],"line":95},"8":{"loc":{"start":{"line":110,"column":6},"end":{"line":113,"column":7}},"type":"if","locations":[{"start":{"line":110,"column":6},"end":{"line":113,"column":7}},{"start":{},"end":{}}],"line":110},"9":{"loc":{"start":{"line":133,"column":2},"end":{"line":137,"column":3}},"type":"if","locations":[{"start":{"line":133,"column":2},"end":{"line":137,"column":3}},{"start":{},"end":{}}],"line":133},"10":{"loc":{"start":{"line":142,"column":2},"end":{"line":149,"column":3}},"type":"if","locations":[{"start":{"line":142,"column":2},"end":{"line":149,"column":3}},{"start":{"line":145,"column":9},"end":{"line":149,"column":3}}],"line":142},"11":{"loc":{"start":{"line":159,"column":2},"end":{"line":162,"column":3}},"type":"if","locations":[{"start":{"line":159,"column":2},"end":{"line":162,"column":3}},{"start":{},"end":{}}],"line":159},"12":{"loc":{"start":{"line":165,"column":2},"end":{"line":169,"column":3}},"type":"if","locations":[{"start":{"line":165,"column":2},"end":{"line":169,"column":3}},{"start":{"line":167,"column":9},"end":{"line":169,"column":3}}],"line":165},"13":{"loc":{"start":{"line":176,"column":37},"end":{"line":176,"column":51}},"type":"default-arg","locations":[{"start":{"line":176,"column":47},"end":{"line":176,"column":51}}],"line":176},"14":{"loc":{"start":{"line":194,"column":2},"end":{"line":210,"column":3}},"type":"switch","locations":[{"start":{"line":195,"column":4},"end":{"line":197,"column":42}},{"start":{"line":199,"column":4},"end":{"line":201,"column":119}},{"start":{"line":203,"column":4},"end":{"line":204,"column":94}},{"start":{"line":207,"column":4},"end":{"line":209,"column":111}}],"line":194},"15":{"loc":{"start":{"line":201,"column":43},"end":{"line":201,"column":117}},"type":"binary-expr","locations":[{"start":{"line":201,"column":43},"end":{"line":201,"column":55}},{"start":{"line":201,"column":59},"end":{"line":201,"column":117}}],"line":201},"16":{"loc":{"start":{"line":204,"column":50},"end":{"line":204,"column":86}},"type":"binary-expr","locations":[{"start":{"line":204,"column":50},"end":{"line":204,"column":62}},{"start":{"line":204,"column":66},"end":{"line":204,"column":86}}],"line":204},"17":{"loc":{"start":{"line":209,"column":59},"end":{"line":209,"column":103}},"type":"binary-expr","locations":[{"start":{"line":209,"column":59},"end":{"line":209,"column":71}},{"start":{"line":209,"column":75},"end":{"line":209,"column":103}}],"line":209},"18":{"loc":{"start":{"line":225,"column":43},"end":{"line":225,"column":55}},"type":"default-arg","locations":[{"start":{"line":225,"column":53},"end":{"line":225,"column":55}}],"line":225},"19":{"loc":{"start":{"line":227,"column":4},"end":{"line":227,"column":18}},"type":"default-arg","locations":[{"start":{"line":227,"column":13},"end":{"line":227,"column":18}}],"line":227},"20":{"loc":{"start":{"line":228,"column":4},"end":{"line":228,"column":16}},"type":"default-arg","locations":[{"start":{"line":228,"column":14},"end":{"line":228,"column":16}}],"line":228},"21":{"loc":{"start":{"line":229,"column":4},"end":{"line":229,"column":15}},"type":"default-arg","locations":[{"start":{"line":229,"column":11},"end":{"line":229,"column":15}}],"line":229},"22":{"loc":{"start":{"line":230,"column":4},"end":{"line":230,"column":29}},"type":"default-arg","locations":[{"start":{"line":230,"column":14},"end":{"line":230,"column":29}}],"line":230},"23":{"loc":{"start":{"line":231,"column":4},"end":{"line":231,"column":25}},"type":"default-arg","locations":[{"start":{"line":231,"column":14},"end":{"line":231,"column":25}}],"line":231},"24":{"loc":{"start":{"line":232,"column":4},"end":{"line":232,"column":18}},"type":"default-arg","locations":[{"start":{"line":232,"column":13},"end":{"line":232,"column":18}}],"line":232},"25":{"loc":{"start":{"line":247,"column":2},"end":{"line":252,"column":3}},"type":"if","locations":[{"start":{"line":247,"column":2},"end":{"line":252,"column":3}},{"start":{},"end":{}}],"line":247},"26":{"loc":{"start":{"line":249,"column":4},"end":{"line":251,"column":5}},"type":"if","locations":[{"start":{"line":249,"column":4},"end":{"line":251,"column":5}},{"start":{},"end":{}}],"line":249},"27":{"loc":{"start":{"line":256,"column":2},"end":{"line":258,"column":3}},"type":"if","locations":[{"start":{"line":256,"column":2},"end":{"line":258,"column":3}},{"start":{},"end":{}}],"line":256},"28":{"loc":{"start":{"line":256,"column":6},"end":{"line":256,"column":69}},"type":"binary-expr","locations":[{"start":{"line":256,"column":6},"end":{"line":256,"column":10}},{"start":{"line":256,"column":14},"end":{"line":256,"column":38}},{"start":{"line":256,"column":42},"end":{"line":256,"column":69}}],"line":256},"29":{"loc":{"start":{"line":281,"column":6},"end":{"line":292,"column":7}},"type":"if","locations":[{"start":{"line":281,"column":6},"end":{"line":292,"column":7}},{"start":{"line":288,"column":13},"end":{"line":292,"column":7}}],"line":281},"30":{"loc":{"start":{"line":281,"column":10},"end":{"line":281,"column":65}},"type":"binary-expr","locations":[{"start":{"line":281,"column":10},"end":{"line":281,"column":21}},{"start":{"line":281,"column":25},"end":{"line":281,"column":65}}],"line":281},"31":{"loc":{"start":{"line":291,"column":26},"end":{"line":291,"column":52}},"type":"binary-expr","locations":[{"start":{"line":291,"column":26},"end":{"line":291,"column":30}},{"start":{"line":291,"column":34},"end":{"line":291,"column":52}}],"line":291},"32":{"loc":{"start":{"line":295,"column":6},"end":{"line":297,"column":7}},"type":"if","locations":[{"start":{"line":295,"column":6},"end":{"line":297,"column":7}},{"start":{},"end":{}}],"line":295},"33":{"loc":{"start":{"line":313,"column":6},"end":{"line":315,"column":7}},"type":"if","locations":[{"start":{"line":313,"column":6},"end":{"line":315,"column":7}},{"start":{},"end":{}}],"line":313},"34":{"loc":{"start":{"line":313,"column":10},"end":{"line":313,"column":69}},"type":"binary-expr","locations":[{"start":{"line":313,"column":10},"end":{"line":313,"column":22}},{"start":{"line":313,"column":26},"end":{"line":313,"column":69}}],"line":313},"35":{"loc":{"start":{"line":318,"column":6},"end":{"line":320,"column":7}},"type":"if","locations":[{"start":{"line":318,"column":6},"end":{"line":320,"column":7}},{"start":{},"end":{}}],"line":318},"36":{"loc":{"start":{"line":324,"column":8},"end":{"line":327,"column":39}},"type":"binary-expr","locations":[{"start":{"line":324,"column":8},"end":{"line":324,"column":35}},{"start":{"line":325,"column":8},"end":{"line":325,"column":34}},{"start":{"line":326,"column":8},"end":{"line":326,"column":41}},{"start":{"line":327,"column":8},"end":{"line":327,"column":39}}],"line":324},"37":{"loc":{"start":{"line":329,"column":6},"end":{"line":331,"column":7}},"type":"if","locations":[{"start":{"line":329,"column":6},"end":{"line":331,"column":7}},{"start":{},"end":{}}],"line":329},"38":{"loc":{"start":{"line":340,"column":6},"end":{"line":342,"column":7}},"type":"if","locations":[{"start":{"line":340,"column":6},"end":{"line":342,"column":7}},{"start":{},"end":{}}],"line":340},"39":{"loc":{"start":{"line":363,"column":18},"end":{"line":363,"column":30}},"type":"default-arg","locations":[{"start":{"line":363,"column":28},"end":{"line":363,"column":30}}],"line":363},"40":{"loc":{"start":{"line":373,"column":25},"end":{"line":373,"column":37}},"type":"default-arg","locations":[{"start":{"line":373,"column":35},"end":{"line":373,"column":37}}],"line":373},"41":{"loc":{"start":{"line":383,"column":24},"end":{"line":383,"column":36}},"type":"default-arg","locations":[{"start":{"line":383,"column":34},"end":{"line":383,"column":36}}],"line":383},"42":{"loc":{"start":{"line":393,"column":26},"end":{"line":393,"column":38}},"type":"default-arg","locations":[{"start":{"line":393,"column":36},"end":{"line":393,"column":38}}],"line":393},"43":{"loc":{"start":{"line":402,"column":21},"end":{"line":402,"column":33}},"type":"default-arg","locations":[{"start":{"line":402,"column":31},"end":{"line":402,"column":33}}],"line":402}},"s":{"0":1,"1":1,"2":1,"3":0,"4":0,"5":0,"6":1,"7":1,"8":1,"9":1,"10":54,"11":1,"12":1,"13":22,"14":22,"15":1,"16":21,"17":21,"18":23,"19":23,"20":5,"21":5,"22":5,"23":16,"24":46,"25":56,"26":56,"27":6,"28":56,"29":6,"30":56,"31":5,"32":5,"33":1,"34":5,"35":1,"36":4,"37":4,"38":4,"39":4,"40":4,"41":3,"42":3,"43":0,"44":1,"45":1,"46":4,"47":4,"48":1,"49":1,"50":3,"51":3,"52":2,"53":1,"54":1,"55":3,"56":3,"57":3,"58":3,"59":0,"60":0,"61":0,"62":8,"63":8,"64":8,"65":8,"66":8,"67":11,"68":4,"69":1,"70":2,"71":4,"72":46,"73":46,"74":46,"75":46,"76":46,"77":16,"78":16,"79":1,"80":46,"81":46,"82":12,"83":46,"84":46,"85":46,"86":51,"87":51,"88":51,"89":45,"90":45,"91":45,"92":45,"93":45,"94":0,"95":0,"96":0,"97":0,"98":45,"99":34,"100":11,"101":16,"102":16,"103":4,"104":12,"105":1,"106":11,"107":11,"108":5,"109":6,"110":6,"111":5,"112":1,"113":1,"114":13,"115":7,"116":3,"117":1,"118":3,"119":1,"120":1,"121":1,"122":1,"123":0,"124":1,"125":1,"126":1,"127":1,"128":1,"129":1,"130":1,"131":1,"132":1,"133":1,"134":1,"135":1,"136":1,"137":1,"138":1,"139":1,"140":1,"141":1,"142":1,"143":1,"144":1,"145":1,"146":1,"147":1,"148":1,"149":1,"150":0,"151":0},"f":{"0":1,"1":54,"2":22,"3":46,"4":56,"5":6,"6":6,"7":5,"8":5,"9":5,"10":4,"11":4,"12":3,"13":8,"14":11,"15":46,"16":13,"17":7,"18":3,"19":1,"20":3,"21":1,"22":1,"23":1,"24":0,"25":1,"26":1,"27":1,"28":1,"29":1,"30":1,"31":1,"32":1,"33":1,"34":1,"35":1,"36":1,"37":1,"38":1,"39":1,"40":1,"41":1,"42":1,"43":1,"44":0},"b":{"0":[1,0],"1":[1,1],"2":[0,0],"3":[1,0,0],"4":[1,21],"5":[22,1],"6":[5,18],"7":[1,4],"8":[3,1],"9":[1,3],"10":[2,1],"11":[3,0],"12":[0,0],"13":[1],"14":[4,1,2,4],"15":[1,0],"16":[2,0],"17":[4,0],"18":[9],"19":[14],"20":[44],"21":[32],"22":[44],"23":[43],"24":[44],"25":[16,30],"26":[1,15],"27":[12,34],"28":[46,12,12],"29":[45,0],"30":[45,45],"31":[0,0],"32":[34,11],"33":[4,12],"34":[16,7],"35":[1,11],"36":[11,10,5,5],"37":[5,6],"38":[5,1],"39":[13],"40":[7],"41":[3],"42":[1],"43":[3]},"_coverageSchema":"1a1c01bbd47fc00a2c39e90264f33305004495a9","hash":"00801647877ffeb573f5c26cca4911226d63c3f8"}
,"/Users/florishadekogbe/Documents/repositories/a-vc-shop-launch/frontend/src/utils/formatters.js": {"path":"/Users/florishadekogbe/Documents/repositories/a-vc-shop-launch/frontend/src/utils/formatters.js","statementMap":{},"fnMap":{},"branchMap":{},"s":{},"f":{},"b":{}}
,"/Users/florishadekogbe/Documents/repositories/a-vc-shop-launch/frontend/src/utils/validators.js": {"path":"/Users/florishadekogbe/Documents/repositories/a-vc-shop-launch/frontend/src/utils/validators.js","statementMap":{},"fnMap":{},"branchMap":{},"s":{},"f":{},"b":{}}
}
