TN:
SF:src/App.jsx
FN:9,(anonymous_0)
FN:10,(anonymous_1)
FN:11,(anonymous_2)
FN:12,(anonymous_3)
FN:13,(anonymous_4)
FN:14,(anonymous_5)
FN:15,(anonymous_6)
FN:16,(anonymous_7)
FN:17,(anonymous_8)
FN:18,(anonymous_9)
FN:20,App
FNF:11
FNH:2
FNDA:1,(anonymous_0)
FNDA:0,(anonymous_1)
FNDA:0,(anonymous_2)
FNDA:0,(anonymous_3)
FNDA:0,(anonymous_4)
FNDA:0,(anonymous_5)
FNDA:0,(anonymous_6)
FNDA:0,(anonymous_7)
FNDA:0,(anonymous_8)
FNDA:0,(anonymous_9)
FNDA:1,App
DA:9,2
DA:10,2
DA:11,2
DA:12,2
DA:13,2
DA:14,2
DA:15,2
DA:16,2
DA:17,2
DA:18,2
DA:21,1
LF:11
LH:11
BRF:0
BRH:0
end_of_record
TN:
SF:src/test-utils.js
FN:4,(anonymous_0)
FNF:1
FNH:0
FNDA:0,(anonymous_0)
DA:4,0
DA:5,0
DA:7,0
LF:3
LH:0
BRDA:4,0,0,0
BRDA:4,1,0,0
BRF:2
BRH:0
end_of_record
TN:
SF:src/test-utils.jsx
FN:5,(anonymous_0)
FN:10,(anonymous_1)
FNF:2
FNH:0
FNDA:0,(anonymous_0)
FNDA:0,(anonymous_1)
DA:5,0
DA:6,0
DA:7,0
DA:10,0
DA:11,0
DA:12,0
LF:6
LH:0
BRDA:5,0,0,0
BRDA:5,1,0,0
BRDA:10,2,0,0
BRDA:10,3,0,0
BRF:4
BRH:0
end_of_record
TN:
SF:src/components/common/ErrorBoundary.jsx
FN:4,(anonymous_0)
FN:9,(anonymous_1)
FN:13,(anonymous_2)
FN:18,(anonymous_3)
FNF:4
FNH:0
FNDA:0,(anonymous_0)
FNDA:0,(anonymous_1)
FNDA:0,(anonymous_2)
FNDA:0,(anonymous_3)
DA:5,0
DA:6,0
DA:10,0
DA:15,0
DA:19,0
DA:20,0
DA:21,0
DA:24,0
LF:8
LH:0
BRDA:19,0,0,0
BRDA:19,0,1,0
BRF:2
BRH:0
end_of_record
TN:
SF:src/components/common/LoadingSpinner.jsx
FN:1,(anonymous_0)
FNF:1
FNH:1
FNDA:1,(anonymous_0)
DA:1,2
DA:2,1
LF:2
LH:2
BRF:0
BRH:0
end_of_record
TN:
SF:src/components/common/ProtectedRoute.jsx
FN:5,(anonymous_0)
FNF:1
FNH:1
FNDA:10,(anonymous_0)
DA:5,3
DA:6,10
DA:7,10
DA:9,10
DA:10,5
DA:13,5
LF:6
LH:6
BRDA:9,0,0,5
BRDA:9,0,1,5
BRF:2
BRH:2
end_of_record
TN:
SF:src/components/features/ProductFeatures.jsx
FNF:0
FNH:0
LF:0
LH:0
BRF:0
BRH:0
end_of_record
TN:
SF:src/components/layout/Layout.jsx
FN:5,(anonymous_0)
FN:9,(anonymous_1)
FNF:2
FNH:1
FNDA:23,(anonymous_0)
FNDA:0,(anonymous_1)
DA:5,3
DA:6,23
DA:7,23
DA:9,23
DA:10,0
DA:11,0
DA:13,23
LF:7
LH:5
BRDA:67,0,0,4
BRDA:67,0,1,19
BRF:2
BRH:2
end_of_record
TN:
SF:src/context/AuthContext.js
FNF:0
FNH:0
DA:3,5
LF:1
LH:1
BRF:0
BRH:0
end_of_record
TN:
SF:src/context/AuthProvider.jsx
FN:4,(anonymous_0)
FN:19,(anonymous_1)
FN:26,(anonymous_2)
FNF:3
FNH:3
FNDA:24,(anonymous_0)
FNDA:2,(anonymous_1)
FNDA:2,(anonymous_2)
DA:4,4
DA:11,24
DA:19,24
DA:20,2
DA:26,24
DA:27,2
DA:30,24
LF:7
LH:7
BRF:0
BRH:0
end_of_record
TN:
SF:src/hooks/useAuth.js
FN:8,(anonymous_0)
FNF:1
FNH:1
FNDA:15,(anonymous_0)
DA:8,4
DA:9,15
DA:11,15
DA:12,0
DA:15,15
LF:5
LH:4
BRDA:11,0,0,0
BRDA:11,0,1,15
BRF:2
BRH:1
end_of_record
TN:
SF:src/pages/CartPage.jsx
FN:3,(anonymous_0)
FNF:1
FNH:0
FNDA:0,(anonymous_0)
DA:3,0
DA:4,0
LF:2
LH:0
BRF:0
BRH:0
end_of_record
TN:
SF:src/pages/CatalogPage.jsx
FN:3,(anonymous_0)
FNF:1
FNH:0
FNDA:0,(anonymous_0)
DA:3,0
DA:4,0
LF:2
LH:0
BRF:0
BRH:0
end_of_record
TN:
SF:src/pages/CheckoutPage.jsx
FN:3,(anonymous_0)
FNF:1
FNH:0
FNDA:0,(anonymous_0)
DA:3,0
DA:4,0
LF:2
LH:0
BRF:0
BRH:0
end_of_record
TN:
SF:src/pages/HomePage.jsx
FN:3,(anonymous_0)
FNF:1
FNH:1
FNDA:1,(anonymous_0)
DA:3,1
DA:4,1
LF:2
LH:2
BRF:0
BRH:0
end_of_record
TN:
SF:src/pages/LoginPage.jsx
FN:3,(anonymous_0)
FNF:1
FNH:0
FNDA:0,(anonymous_0)
DA:3,0
DA:4,0
LF:2
LH:0
BRF:0
BRH:0
end_of_record
TN:
SF:src/pages/NotFoundPage.jsx
FN:3,(anonymous_0)
FNF:1
FNH:0
FNDA:0,(anonymous_0)
DA:3,0
DA:4,0
LF:2
LH:0
BRF:0
BRH:0
end_of_record
TN:
SF:src/pages/OrderDetailsPage.jsx
FN:4,(anonymous_0)
FNF:1
FNH:0
FNDA:0,(anonymous_0)
DA:4,0
DA:5,0
DA:7,0
LF:3
LH:0
BRF:0
BRH:0
end_of_record
TN:
SF:src/pages/OrdersPage.jsx
FN:3,(anonymous_0)
FNF:1
FNH:0
FNDA:0,(anonymous_0)
DA:3,0
DA:4,0
LF:2
LH:0
BRF:0
BRH:0
end_of_record
TN:
SF:src/pages/ProductDetailPage.jsx
FN:4,(anonymous_0)
FNF:1
FNH:0
FNDA:0,(anonymous_0)
DA:4,0
DA:5,0
DA:7,0
LF:3
LH:0
BRF:0
BRH:0
end_of_record
TN:
SF:src/pages/SignupPage.jsx
FN:3,(anonymous_0)
FNF:1
FNH:0
FNDA:0,(anonymous_0)
DA:3,0
DA:4,0
LF:2
LH:0
BRF:0
BRH:0
end_of_record
TN:
SF:src/services/api.js
FN:9,(anonymous_0)
FN:30,generateUUID
FN:38,getCSRFToken
FN:61,isSafeMethod
FN:70,createTimeoutController
FN:72,(anonymous_5)
FN:73,(anonymous_6)
FN:84,delay
FN:85,(anonymous_8)
FN:94,refreshToken
FN:97,(anonymous_10)
FN:131,handle401
FN:155,safeRedirect
FN:176,(anonymous_13)
FN:193,handleErrorResponse
FN:225,apiRequest
FN:363,(anonymous_16)
FN:373,(anonymous_17)
FN:383,(anonymous_18)
FN:393,(anonymous_19)
FN:402,(anonymous_20)
FN:408,(anonymous_21)
FN:409,(anonymous_22)
FN:410,(anonymous_23)
FN:411,(anonymous_24)
FN:412,(anonymous_25)
FN:417,(anonymous_26)
FN:418,(anonymous_27)
FN:423,(anonymous_28)
FN:424,(anonymous_29)
FN:425,(anonymous_30)
FN:426,(anonymous_31)
FN:427,(anonymous_32)
FN:432,(anonymous_33)
FN:433,(anonymous_34)
FN:434,(anonymous_35)
FN:439,(anonymous_36)
FN:440,(anonymous_37)
FN:445,(anonymous_38)
FN:446,(anonymous_39)
FN:447,(anonymous_40)
FN:452,(anonymous_41)
FN:453,(anonymous_42)
FN:454,(anonymous_43)
FN:462,clearCSRFCache
FNF:45
FNH:43
FNDA:1,(anonymous_0)
FNDA:54,generateUUID
FNDA:22,getCSRFToken
FNDA:46,isSafeMethod
FNDA:56,createTimeoutController
FNDA:6,(anonymous_5)
FNDA:6,(anonymous_6)
FNDA:5,delay
FNDA:5,(anonymous_8)
FNDA:5,refreshToken
FNDA:4,(anonymous_10)
FNDA:4,handle401
FNDA:3,safeRedirect
FNDA:8,(anonymous_13)
FNDA:11,handleErrorResponse
FNDA:46,apiRequest
FNDA:13,(anonymous_16)
FNDA:7,(anonymous_17)
FNDA:3,(anonymous_18)
FNDA:1,(anonymous_19)
FNDA:3,(anonymous_20)
FNDA:1,(anonymous_21)
FNDA:1,(anonymous_22)
FNDA:1,(anonymous_23)
FNDA:0,(anonymous_24)
FNDA:1,(anonymous_25)
FNDA:1,(anonymous_26)
FNDA:1,(anonymous_27)
FNDA:1,(anonymous_28)
FNDA:1,(anonymous_29)
FNDA:1,(anonymous_30)
FNDA:1,(anonymous_31)
FNDA:1,(anonymous_32)
FNDA:1,(anonymous_33)
FNDA:1,(anonymous_34)
FNDA:1,(anonymous_35)
FNDA:1,(anonymous_36)
FNDA:1,(anonymous_37)
FNDA:1,(anonymous_38)
FNDA:1,(anonymous_39)
FNDA:1,(anonymous_40)
FNDA:1,(anonymous_41)
FNDA:1,(anonymous_42)
FNDA:1,(anonymous_43)
FNDA:0,clearCSRFCache
DA:9,1
DA:11,1
DA:12,1
DA:15,0
DA:16,0
DA:18,0
DA:21,1
DA:22,1
DA:23,1
DA:24,1
DA:31,54
DA:35,1
DA:36,1
DA:39,22
DA:40,22
DA:41,1
DA:44,21
DA:45,21
DA:46,23
DA:47,23
DA:48,5
DA:49,5
DA:50,5
DA:53,16
DA:62,46
DA:71,56
DA:72,56
DA:73,56
DA:74,6
DA:76,56
DA:85,5
DA:92,1
DA:95,5
DA:97,4
DA:98,4
DA:99,4
DA:100,4
DA:110,4
DA:111,3
DA:112,3
DA:115,0
DA:118,1
DA:119,1
DA:122,4
DA:133,4
DA:135,1
DA:136,1
DA:140,3
DA:142,3
DA:144,2
DA:147,1
DA:148,1
DA:156,3
DA:159,3
DA:160,3
DA:161,3
DA:165,0
DA:166,0
DA:168,0
DA:177,8
DA:178,8
DA:179,8
DA:180,8
DA:181,8
DA:194,11
DA:197,4
DA:201,1
DA:204,2
DA:209,4
DA:234,46
DA:236,46
DA:237,46
DA:240,46
DA:247,46
DA:248,16
DA:249,16
DA:250,1
DA:255,46
DA:256,46
DA:257,12
DA:261,46
DA:262,46
DA:263,51
DA:265,51
DA:268,51
DA:278,45
DA:279,45
DA:281,45
DA:282,45
DA:283,45
DA:285,0
DA:286,0
DA:290,0
DA:291,0
DA:295,45
DA:296,34
DA:300,11
DA:310,16
DA:313,16
DA:314,4
DA:318,12
DA:319,1
DA:324,11
DA:329,11
DA:330,5
DA:334,6
DA:340,6
DA:341,5
DA:347,1
DA:356,1
DA:364,13
DA:374,7
DA:384,3
DA:394,1
DA:403,3
DA:407,1
DA:408,1
DA:409,1
DA:410,1
DA:411,0
DA:412,1
DA:416,1
DA:417,1
DA:418,1
DA:422,1
DA:423,1
DA:424,1
DA:425,1
DA:426,1
DA:427,1
DA:431,1
DA:432,1
DA:433,1
DA:434,1
DA:438,1
DA:439,1
DA:440,1
DA:444,1
DA:445,1
DA:446,1
DA:447,1
DA:451,1
DA:452,1
DA:453,1
DA:454,1
DA:460,1
DA:463,0
DA:464,0
LF:148
LH:134
BRDA:11,0,0,1
BRDA:11,0,1,0
BRDA:11,1,0,1
BRDA:11,1,1,1
BRDA:15,2,0,0
BRDA:15,2,1,0
BRDA:21,3,0,1
BRDA:21,3,1,0
BRDA:21,3,2,0
BRDA:40,4,0,1
BRDA:40,4,1,21
BRDA:40,5,0,22
BRDA:40,5,1,1
BRDA:47,6,0,5
BRDA:47,6,1,18
BRDA:95,7,0,1
BRDA:95,7,1,4
BRDA:110,8,0,3
BRDA:110,8,1,1
BRDA:133,9,0,1
BRDA:133,9,1,3
BRDA:142,10,0,2
BRDA:142,10,1,1
BRDA:159,11,0,3
BRDA:159,11,1,0
BRDA:165,12,0,0
BRDA:165,12,1,0
BRDA:176,13,0,1
BRDA:194,14,0,4
BRDA:194,14,1,1
BRDA:194,14,2,2
BRDA:194,14,3,4
BRDA:201,15,0,1
BRDA:201,15,1,0
BRDA:204,16,0,2
BRDA:204,16,1,0
BRDA:209,17,0,4
BRDA:209,17,1,0
BRDA:225,18,0,9
BRDA:227,19,0,14
BRDA:228,20,0,44
BRDA:229,21,0,32
BRDA:230,22,0,44
BRDA:231,23,0,43
BRDA:232,24,0,44
BRDA:247,25,0,16
BRDA:247,25,1,30
BRDA:249,26,0,1
BRDA:249,26,1,15
BRDA:256,27,0,12
BRDA:256,27,1,34
BRDA:256,28,0,46
BRDA:256,28,1,12
BRDA:256,28,2,12
BRDA:281,29,0,45
BRDA:281,29,1,0
BRDA:281,30,0,45
BRDA:281,30,1,45
BRDA:291,31,0,0
BRDA:291,31,1,0
BRDA:295,32,0,34
BRDA:295,32,1,11
BRDA:313,33,0,4
BRDA:313,33,1,12
BRDA:313,34,0,16
BRDA:313,34,1,7
BRDA:318,35,0,1
BRDA:318,35,1,11
BRDA:324,36,0,11
BRDA:324,36,1,10
BRDA:324,36,2,5
BRDA:324,36,3,5
BRDA:329,37,0,5
BRDA:329,37,1,6
BRDA:340,38,0,5
BRDA:340,38,1,1
BRDA:363,39,0,13
BRDA:373,40,0,7
BRDA:383,41,0,3
BRDA:393,42,0,1
BRDA:402,43,0,3
BRF:81
BRH:67
end_of_record
TN:
SF:src/utils/formatters.js
FNF:0
FNH:0
LF:0
LH:0
BRF:0
BRH:0
end_of_record
TN:
SF:src/utils/validators.js
FNF:0
FNH:0
LF:0
LH:0
BRF:0
BRH:0
end_of_record
